[2021-12-22T13:38:52.612]-[Commons.HttpClientService.HttpClientService]-[.NET ThreadPool Worker]-[INFO ]-
URL: https://emea.universal-api.travelport.com/B2BGateway/connect/uAPI/AirService
AuthorizationToken: Basic VW5pdmVyc2FsIEFQSS91QVBJMzUzNjI0ODIxMC01OTJhZTk3ZDpkRC05RjZ4KiRF
SoapAction: defaultSoapAction
ServiceName: LowFareSearchReq
Headers:
header1Key:header1Value
Parameters:
requestParam1Key:requestParam1Value
RequestBody:
<soapenv:Envelope xmlns:soapenv="http://schemas.xmlsoap.org/soap/envelope/"><soapenv:Header /><soapenv:Body><air:LowFareSearchReq  xmlns:air="http://www.travelport.com/schema/air_v50_0"  xmlns:com="http://www.travelport.com/schema/common_v50_0" TargetBranch="P2844168" SolutionResult="false" ReturnUpsellFare="true" TraceId="OTVmOGVmMWEtYjcyZC00MGY1LWI2YTQtODQxNjdlY2U3MGM5" ><com:BillingPointOfSaleInfo OriginApplication="UAPI"/><air:SearchAirLeg><air:SearchOrigin><com:City Code="IST"/></air:SearchOrigin><air:SearchDestination><com:City Code="FRA"/></air:SearchDestination><air:SearchDepTime PreferredTime="2022-02-23" /><air:AirLegModifiers ><air:ProhibitedCarriers><com:Carrier Code="EW"/></air:ProhibitedCarriers></air:AirLegModifiers></air:SearchAirLeg><air:AirSearchModifiers MaxSolutions="200" ><air:PreferredProviders><com:Provider Code="1G" /></air:PreferredProviders></air:AirSearchModifiers><com:SearchPassenger Code="ADT" Age="35" Key="N2UxYzg5MzMtYzAxMS00MzczLTgzMzUtMzIxYzAxYjVhY2Ji"/><air:AirPricingModifiers Key="ZDMzYzAzY2UtZWIwNC00NTY3LWIxMzUtZGI1ODZmNjNlZmIy" FaresIndicator="AllFares" ETicketability ="Yes" ></air:AirPricingModifiers></air:LowFareSearchReq></soapenv:Body></soapenv:Envelope>
ResponseBody:


[2021-12-22T13:41:02.867]-[Commons.HttpClientService.HttpClientService]-[.NET ThreadPool Worker]-[INFO ]-
URL: https://emea.universal-api.travelport.com/B2BGateway/connect/uAPI/AirService
AuthorizationToken: Basic VW5pdmVyc2FsIEFQSS91QVBJMzUzNjI0ODIxMC01OTJhZTk3ZDpkRC05RjZ4KiRF
SoapAction: defaultSoapAction
ServiceName: LowFareSearchReq
Headers:
header1Key:header1Value
Parameters:
requestParam1Key:requestParam1Value
RequestBody:
<soapenv:Envelope xmlns:soapenv="http://schemas.xmlsoap.org/soap/envelope/"><soapenv:Header /><soapenv:Body><air:LowFareSearchReq  xmlns:air="http://www.travelport.com/schema/air_v50_0"  xmlns:com="http://www.travelport.com/schema/common_v50_0" TargetBranch="P2844168" SolutionResult="false" ReturnUpsellFare="true" TraceId="OTVmOGVmMWEtYjcyZC00MGY1LWI2YTQtODQxNjdlY2U3MGM5" ><com:BillingPointOfSaleInfo OriginApplication="UAPI"/><air:SearchAirLeg><air:SearchOrigin><com:City Code="IST"/></air:SearchOrigin><air:SearchDestination><com:City Code="FRA"/></air:SearchDestination><air:SearchDepTime PreferredTime="2022-02-23" /><air:AirLegModifiers ><air:ProhibitedCarriers><com:Carrier Code="EW"/></air:ProhibitedCarriers></air:AirLegModifiers></air:SearchAirLeg><air:AirSearchModifiers MaxSolutions="200" ><air:PreferredProviders><com:Provider Code="1G" /></air:PreferredProviders></air:AirSearchModifiers><com:SearchPassenger Code="ADT" Age="35" Key="N2UxYzg5MzMtYzAxMS00MzczLTgzMzUtMzIxYzAxYjVhY2Ji"/><air:AirPricingModifiers Key="ZDMzYzAzY2UtZWIwNC00NTY3LWIxMzUtZGI1ODZmNjNlZmIy" FaresIndicator="AllFares" ETicketability ="Yes" ></air:AirPricingModifiers></air:LowFareSearchReq></soapenv:Body></soapenv:Envelope>
ResponseBody:


[2021-12-22T13:41:49.074]-[Commons.HttpClientService.HttpClientService]-[.NET ThreadPool Worker]-[INFO ]-
URL: https://emea.universal-api.travelport.com/B2BGateway/connect/uAPI/AirService
AuthorizationToken: Basic VW5pdmVyc2FsIEFQSS91QVBJMzUzNjI0ODIxMC01OTJhZTk3ZDpkRC05RjZ4KiRF
SoapAction: defaultSoapAction
ServiceName: LowFareSearchReq
Headers:
header1Key:header1Value
Parameters:
requestParam1Key:requestParam1Value
RequestBody:
<soapenv:Envelope xmlns:soapenv="http://schemas.xmlsoap.org/soap/envelope/"><soapenv:Header /><soapenv:Body><air:LowFareSearchReq  xmlns:air="http://www.travelport.com/schema/air_v50_0"  xmlns:com="http://www.travelport.com/schema/common_v50_0" TargetBranch="P2844168" SolutionResult="false" ReturnUpsellFare="true" TraceId="OTVmOGVmMWEtYjcyZC00MGY1LWI2YTQtODQxNjdlY2U3MGM5" ><com:BillingPointOfSaleInfo OriginApplication="UAPI"/><air:SearchAirLeg><air:SearchOrigin><com:City Code="IST"/></air:SearchOrigin><air:SearchDestination><com:City Code="FRA"/></air:SearchDestination><air:SearchDepTime PreferredTime="2022-02-23" /><air:AirLegModifiers ><air:ProhibitedCarriers><com:Carrier Code="EW"/></air:ProhibitedCarriers></air:AirLegModifiers></air:SearchAirLeg><air:AirSearchModifiers MaxSolutions="200" ><air:PreferredProviders><com:Provider Code="1G" /></air:PreferredProviders></air:AirSearchModifiers><com:SearchPassenger Code="ADT" Age="35" Key="N2UxYzg5MzMtYzAxMS00MzczLTgzMzUtMzIxYzAxYjVhY2Ji"/><air:AirPricingModifiers Key="ZDMzYzAzY2UtZWIwNC00NTY3LWIxMzUtZGI1ODZmNjNlZmIy" FaresIndicator="AllFares" ETicketability ="Yes" ></air:AirPricingModifiers></air:LowFareSearchReq></soapenv:Body></soapenv:Envelope>
ResponseBody:


[2021-12-22T13:50:12.474]-[Commons.HttpClientService.HttpClientService]-[.NET ThreadPool Worker]-[INFO ]-
URL: https://emea.universal-api.travelport.com/B2BGateway/connect/uAPI/AirService
AuthorizationToken: Basic VW5pdmVyc2FsIEFQSS91QVBJMzUzNjI0ODIxMC01OTJhZTk3ZDpkRC05RjZ4KiRF
SoapAction: defaultSoapAction
ServiceName: LowFareSearchReq
Headers:
header1Key:header1Value
Parameters:
requestParam1Key:requestParam1Value
RequestBody:
<soapenv:Envelope xmlns:soapenv="http://schemas.xmlsoap.org/soap/envelope/"><soapenv:Header /><soapenv:Body><air:LowFareSearchReq  xmlns:air="http://www.travelport.com/schema/air_v50_0"  xmlns:com="http://www.travelport.com/schema/common_v50_0" TargetBranch="P2844168" SolutionResult="false" ReturnUpsellFare="true" TraceId="OTVmOGVmMWEtYjcyZC00MGY1LWI2YTQtODQxNjdlY2U3MGM5" ><com:BillingPointOfSaleInfo OriginApplication="UAPI"/><air:SearchAirLeg><air:SearchOrigin><com:City Code="IST"/></air:SearchOrigin><air:SearchDestination><com:City Code="FRA"/></air:SearchDestination><air:SearchDepTime PreferredTime="2022-02-23" /><air:AirLegModifiers ><air:ProhibitedCarriers><com:Carrier Code="EW"/></air:ProhibitedCarriers></air:AirLegModifiers></air:SearchAirLeg><air:AirSearchModifiers MaxSolutions="200" ><air:PreferredProviders><com:Provider Code="1G" /></air:PreferredProviders></air:AirSearchModifiers><com:SearchPassenger Code="ADT" Age="35" Key="N2UxYzg5MzMtYzAxMS00MzczLTgzMzUtMzIxYzAxYjVhY2Ji"/><air:AirPricingModifiers Key="ZDMzYzAzY2UtZWIwNC00NTY3LWIxMzUtZGI1ODZmNjNlZmIy" FaresIndicator="AllFares" ETicketability ="Yes" ></air:AirPricingModifiers></air:LowFareSearchReq></soapenv:Body></soapenv:Envelope>
ResponseBody:


[2021-12-22T13:51:35.472]-[Commons.HttpClientService.HttpClientService]-[.NET ThreadPool Worker]-[INFO ]-
URL: https://emea.universal-api.travelport.com/B2BGateway/connect/uAPI/AirService
AuthorizationToken: Basic VW5pdmVyc2FsIEFQSS91QVBJMzUzNjI0ODIxMC01OTJhZTk3ZDpkRC05RjZ4KiRF
SoapAction: defaultSoapAction
ServiceName: LowFareSearchReq
Headers:
header1Key:header1Value
Parameters:
requestParam1Key:requestParam1Value
RequestBody:
<soapenv:Envelope xmlns:soapenv="http://schemas.xmlsoap.org/soap/envelope/"><soapenv:Header /><soapenv:Body><air:LowFareSearchReq  xmlns:air="http://www.travelport.com/schema/air_v50_0"  xmlns:com="http://www.travelport.com/schema/common_v50_0" TargetBranch="P2844168" SolutionResult="false" ReturnUpsellFare="true" TraceId="OTVmOGVmMWEtYjcyZC00MGY1LWI2YTQtODQxNjdlY2U3MGM5" ><com:BillingPointOfSaleInfo OriginApplication="UAPI"/><air:SearchAirLeg><air:SearchOrigin><com:City Code="IST"/></air:SearchOrigin><air:SearchDestination><com:City Code="FRA"/></air:SearchDestination><air:SearchDepTime PreferredTime="2022-02-23" /><air:AirLegModifiers ><air:ProhibitedCarriers><com:Carrier Code="EW"/></air:ProhibitedCarriers></air:AirLegModifiers></air:SearchAirLeg><air:AirSearchModifiers MaxSolutions="200" ><air:PreferredProviders><com:Provider Code="1G" /></air:PreferredProviders></air:AirSearchModifiers><com:SearchPassenger Code="ADT" Age="35" Key="N2UxYzg5MzMtYzAxMS00MzczLTgzMzUtMzIxYzAxYjVhY2Ji"/><air:AirPricingModifiers Key="ZDMzYzAzY2UtZWIwNC00NTY3LWIxMzUtZGI1ODZmNjNlZmIy" FaresIndicator="AllFares" ETicketability ="Yes" ></air:AirPricingModifiers></air:LowFareSearchReq></soapenv:Body></soapenv:Envelope>
ResponseBody:


